<?xml version="1.0" encoding="UTF-8"?>
<testng-results skipped="0" failed="0" ignored="0" total="1" passed="1">
  <reporter-output>
  </reporter-output>
  <suite name="Default suite" duration-ms="22482" started-at="2020-02-23T17:33:08Z" finished-at="2020-02-23T17:33:30Z">
    <groups>
    </groups>
    <test name="Default test" duration-ms="22482" started-at="2020-02-23T17:33:08Z" finished-at="2020-02-23T17:33:30Z">
      <class name="test.LogInTest">
        <test-method status="PASS" signature="ValidUserShouldAbleToLogin()[pri:0, instance:test.LogInTest@224edc67]" name="ValidUserShouldAbleToLogin" duration-ms="22465" started-at="2020-02-23T11:33:08Z" finished-at="2020-02-23T11:33:30Z">
          <reporter-output>
          </reporter-output>
        </test-method> <!-- ValidUserShouldAbleToLogin -->
      </class> <!-- test.LogInTest -->
    </test> <!-- Default test -->
  </suite> <!-- Default suite -->
</testng-results>
